2020-07-29 11:47:27.238  INFO 11664 --- [Thread-177] com.zaxxer.hikari.HikariDataSource       : HikariPool-2 - Shutdown initiated...
2020-07-29 11:47:27.275  INFO 11664 --- [Thread-177] com.zaxxer.hikari.HikariDataSource       : HikariPool-2 - Shutdown completed.
2020-07-29 11:47:27.381  INFO 11664 --- [restartedMain] c.x.community.CommunityApplication       : Starting CommunityApplication on LAPTOP-B6R7BQ32 with PID 11664 (D:\code\springboot\community\target\classes started by asus in D:\code\springboot\community)
2020-07-29 11:47:27.381  INFO 11664 --- [restartedMain] c.x.community.CommunityApplication       : No active profile set, falling back to default profiles: default
2020-07-29 11:47:28.065  INFO 11664 --- [restartedMain] o.s.b.w.embedded.tomcat.TomcatWebServer  : Tomcat initialized with port(s): 8080 (http)
2020-07-29 11:47:28.073  INFO 11664 --- [restartedMain] o.apache.catalina.core.StandardService   : Starting service [Tomcat]
2020-07-29 11:47:28.073  INFO 11664 --- [restartedMain] org.apache.catalina.core.StandardEngine  : Starting Servlet engine: [Apache Tomcat/9.0.36]
2020-07-29 11:47:28.074  INFO 11664 --- [restartedMain] o.a.catalina.core.AprLifecycleListener   : Loaded Apache Tomcat Native library [1.2.23] using APR version [1.7.0].
2020-07-29 11:47:28.074  INFO 11664 --- [restartedMain] o.a.catalina.core.AprLifecycleListener   : APR capabilities: IPv6 [true], sendfile [true], accept filters [false], random [true].
2020-07-29 11:47:28.074  INFO 11664 --- [restartedMain] o.a.catalina.core.AprLifecycleListener   : APR/OpenSSL configuration: useAprConnector [false], useOpenSSL [true]
2020-07-29 11:47:28.074  INFO 11664 --- [restartedMain] o.a.catalina.core.AprLifecycleListener   : OpenSSL successfully initialized [OpenSSL 1.1.1c  28 May 2019]
2020-07-29 11:47:28.127  INFO 11664 --- [restartedMain] o.a.c.c.C.[Tomcat].[localhost].[/]       : Initializing Spring embedded WebApplicationContext
2020-07-29 11:47:28.128  INFO 11664 --- [restartedMain] w.s.c.ServletWebServerApplicationContext : Root WebApplicationContext: initialization completed in 742 ms
2020-07-29 11:47:28.163  INFO 11664 --- [restartedMain] com.zaxxer.hikari.HikariDataSource       : HikariPool-3 - Starting...
2020-07-29 11:47:28.181  INFO 11664 --- [restartedMain] com.zaxxer.hikari.HikariDataSource       : HikariPool-3 - Start completed.
2020-07-29 11:47:28.182  INFO 11664 --- [restartedMain] o.s.b.a.h2.H2ConsoleAutoConfiguration    : H2 console available at '/h2-console'. Database available at 'jdbc:h2:~/community'
2020-07-29 11:47:28.601  INFO 11664 --- [restartedMain] o.s.s.concurrent.ThreadPoolTaskExecutor  : Initializing ExecutorService 'applicationTaskExecutor'
2020-07-29 11:47:28.650  INFO 11664 --- [restartedMain] o.s.b.a.w.s.WelcomePageHandlerMapping    : Adding welcome page template: index
2020-07-29 11:47:28.855  INFO 11664 --- [restartedMain] o.s.b.d.a.OptionalLiveReloadServer       : LiveReload server is running on port 35729
2020-07-29 11:47:28.877  INFO 11664 --- [restartedMain] o.s.b.w.embedded.tomcat.TomcatWebServer  : Tomcat started on port(s): 8080 (http) with context path ''
2020-07-29 11:47:28.884  INFO 11664 --- [restartedMain] c.x.community.CommunityApplication       : Started CommunityApplication in 1.551 seconds (JVM running for 291.217)
2020-07-29 11:47:28.886  INFO 11664 --- [restartedMain] .ConditionEvaluationDeltaLoggingListener : Condition evaluation unchanged
2020-07-29 12:05:12.683  INFO 5528 --- [restartedMain] c.x.community.CommunityApplication       : Starting CommunityApplication on LAPTOP-B6R7BQ32 with PID 5528 (D:\code\springboot\community\target\classes started by asus in D:\code\springboot\community)
2020-07-29 12:05:12.685  INFO 5528 --- [restartedMain] c.x.community.CommunityApplication       : No active profile set, falling back to default profiles: default
2020-07-29 12:05:12.730  INFO 5528 --- [restartedMain] .e.DevToolsPropertyDefaultsPostProcessor : Devtools property defaults active! Set 'spring.devtools.add-properties' to 'false' to disable
2020-07-29 12:05:12.730  INFO 5528 --- [restartedMain] .e.DevToolsPropertyDefaultsPostProcessor : For additional web related logging consider setting the 'logging.level.web' property to 'DEBUG'
2020-07-29 12:05:13.954  INFO 5528 --- [restartedMain] o.s.b.w.embedded.tomcat.TomcatWebServer  : Tomcat initialized with port(s): 8080 (http)
2020-07-29 12:05:13.961  INFO 5528 --- [restartedMain] o.apache.catalina.core.StandardService   : Starting service [Tomcat]
2020-07-29 12:05:13.962  INFO 5528 --- [restartedMain] org.apache.catalina.core.StandardEngine  : Starting Servlet engine: [Apache Tomcat/9.0.36]
2020-07-29 12:05:13.963  INFO 5528 --- [restartedMain] o.a.catalina.core.AprLifecycleListener   : Loaded Apache Tomcat Native library [1.2.23] using APR version [1.7.0].
2020-07-29 12:05:13.964  INFO 5528 --- [restartedMain] o.a.catalina.core.AprLifecycleListener   : APR capabilities: IPv6 [true], sendfile [true], accept filters [false], random [true].
2020-07-29 12:05:13.964  INFO 5528 --- [restartedMain] o.a.catalina.core.AprLifecycleListener   : APR/OpenSSL configuration: useAprConnector [false], useOpenSSL [true]
2020-07-29 12:05:13.967  INFO 5528 --- [restartedMain] o.a.catalina.core.AprLifecycleListener   : OpenSSL successfully initialized [OpenSSL 1.1.1c  28 May 2019]
2020-07-29 12:05:14.046  INFO 5528 --- [restartedMain] o.a.c.c.C.[Tomcat].[localhost].[/]       : Initializing Spring embedded WebApplicationContext
2020-07-29 12:05:14.046  INFO 5528 --- [restartedMain] w.s.c.ServletWebServerApplicationContext : Root WebApplicationContext: initialization completed in 1315 ms
2020-07-29 12:05:14.078  INFO 5528 --- [restartedMain] com.zaxxer.hikari.HikariDataSource       : HikariPool-1 - Starting...
2020-07-29 12:05:14.184  INFO 5528 --- [restartedMain] com.zaxxer.hikari.HikariDataSource       : HikariPool-1 - Start completed.
2020-07-29 12:05:14.189  INFO 5528 --- [restartedMain] o.s.b.a.h2.H2ConsoleAutoConfiguration    : H2 console available at '/h2-console'. Database available at 'jdbc:h2:~/community'
2020-07-29 12:05:14.680  INFO 5528 --- [restartedMain] o.s.s.concurrent.ThreadPoolTaskExecutor  : Initializing ExecutorService 'applicationTaskExecutor'
2020-07-29 12:05:14.733  INFO 5528 --- [restartedMain] o.s.b.a.w.s.WelcomePageHandlerMapping    : Adding welcome page template: index
2020-07-29 12:05:15.025  INFO 5528 --- [restartedMain] o.s.b.d.a.OptionalLiveReloadServer       : LiveReload server is running on port 35729
2020-07-29 12:05:15.881  INFO 5528 --- [restartedMain] o.s.b.w.embedded.tomcat.TomcatWebServer  : Tomcat started on port(s): 8080 (http) with context path ''
2020-07-29 12:05:15.908  INFO 5528 --- [restartedMain] c.x.community.CommunityApplication       : Started CommunityApplication in 3.52 seconds (JVM running for 5.355)
2020-07-29 12:05:33.631  INFO 5528 --- [http-nio-8080-exec-1] o.a.c.c.C.[Tomcat].[localhost].[/]       : Initializing Spring DispatcherServlet 'dispatcherServlet'
2020-07-29 12:05:33.632  INFO 5528 --- [http-nio-8080-exec-1] o.s.web.servlet.DispatcherServlet        : Initializing Servlet 'dispatcherServlet'
2020-07-29 12:05:33.639  INFO 5528 --- [http-nio-8080-exec-1] o.s.web.servlet.DispatcherServlet        : Completed initialization in 6 ms
2020-07-29 12:05:33.699 DEBUG 5528 --- [http-nio-8080-exec-1] c.x.c.mapper.UserMapper.selectByExample  : ==>  Preparing: select ID, ACCOUNT_ID, NAME, TOKEN, GMT_CREATE, GMT_MODIFIED, BIO, AVATAR_URL from USER WHERE ( TOKEN = ? )
2020-07-29 12:05:33.713 DEBUG 5528 --- [http-nio-8080-exec-1] c.x.c.mapper.UserMapper.selectByExample  : ==> Parameters: b646b7fc-5cb5-4edd-bdbc-0ec125cacfbb(String)
2020-07-29 12:05:33.723 DEBUG 5528 --- [http-nio-8080-exec-1] c.x.c.mapper.UserMapper.selectByExample  : <==      Total: 1
2020-07-29 12:05:34.338  WARN 5528 --- [http-nio-8080-exec-1] o.a.c.util.SessionIdGeneratorBase        : Creation of SecureRandom instance for session ID generation using [SHA1PRNG] took [609] milliseconds.
2020-07-29 12:05:34.341 DEBUG 5528 --- [http-nio-8080-exec-1] c.x.c.m.N.countByExample                 : ==>  Preparing: select count(*) from NOTIFICATION WHERE ( RECEIVER = ? and STATUS = ? )
2020-07-29 12:05:34.342 DEBUG 5528 --- [http-nio-8080-exec-1] c.x.c.m.N.countByExample                 : ==> Parameters: 1(Long), 0(Integer)
2020-07-29 12:05:34.346 DEBUG 5528 --- [http-nio-8080-exec-1] c.x.c.m.N.countByExample                 : <==      Total: 1
2020-07-29 12:05:34.362 DEBUG 5528 --- [http-nio-8080-exec-1] c.x.c.m.QuestionExtMapper.countBySearch  : ==>  Preparing: select count(*) from QUESTION
2020-07-29 12:05:34.362 DEBUG 5528 --- [http-nio-8080-exec-1] c.x.c.m.QuestionExtMapper.countBySearch  : ==> Parameters: 
2020-07-29 12:05:34.363 DEBUG 5528 --- [http-nio-8080-exec-1] c.x.c.m.QuestionExtMapper.countBySearch  : <==      Total: 1
2020-07-29 12:05:34.363 DEBUG 5528 --- [http-nio-8080-exec-1] c.x.c.m.Q.selectBySearch                 : ==>  Preparing: select * from QUESTION order by gmt_create desc limit ?,?
2020-07-29 12:05:34.364 DEBUG 5528 --- [http-nio-8080-exec-1] c.x.c.m.Q.selectBySearch                 : ==> Parameters: 0(Integer), 2(Integer)
2020-07-29 12:05:34.367 DEBUG 5528 --- [http-nio-8080-exec-1] c.x.c.m.Q.selectBySearch                 : <==      Total: 2
2020-07-29 12:05:34.367 DEBUG 5528 --- [http-nio-8080-exec-1] c.x.c.m.UserMapper.selectByPrimaryKey    : ==>  Preparing: select ID, ACCOUNT_ID, NAME, TOKEN, GMT_CREATE, GMT_MODIFIED, BIO, AVATAR_URL from USER where ID = ?
2020-07-29 12:05:34.368 DEBUG 5528 --- [http-nio-8080-exec-1] c.x.c.m.UserMapper.selectByPrimaryKey    : ==> Parameters: 1(Long)
2020-07-29 12:05:34.368 DEBUG 5528 --- [http-nio-8080-exec-1] c.x.c.m.UserMapper.selectByPrimaryKey    : <==      Total: 1
2020-07-29 12:05:34.373 DEBUG 5528 --- [http-nio-8080-exec-1] c.x.c.m.UserMapper.selectByPrimaryKey    : ==>  Preparing: select ID, ACCOUNT_ID, NAME, TOKEN, GMT_CREATE, GMT_MODIFIED, BIO, AVATAR_URL from USER where ID = ?
2020-07-29 12:05:34.374 DEBUG 5528 --- [http-nio-8080-exec-1] c.x.c.m.UserMapper.selectByPrimaryKey    : ==> Parameters: 1(Long)
2020-07-29 12:05:34.374 DEBUG 5528 --- [http-nio-8080-exec-1] c.x.c.m.UserMapper.selectByPrimaryKey    : <==      Total: 1
2020-07-29 12:05:34.672 DEBUG 5528 --- [http-nio-8080-exec-2] c.x.c.mapper.UserMapper.selectByExample  : ==>  Preparing: select ID, ACCOUNT_ID, NAME, TOKEN, GMT_CREATE, GMT_MODIFIED, BIO, AVATAR_URL from USER WHERE ( TOKEN = ? )
2020-07-29 12:05:34.672 DEBUG 5528 --- [http-nio-8080-exec-2] c.x.c.mapper.UserMapper.selectByExample  : ==> Parameters: b646b7fc-5cb5-4edd-bdbc-0ec125cacfbb(String)
2020-07-29 12:05:34.673 DEBUG 5528 --- [http-nio-8080-exec-2] c.x.c.mapper.UserMapper.selectByExample  : <==      Total: 1
2020-07-29 12:05:34.679 DEBUG 5528 --- [http-nio-8080-exec-3] c.x.c.mapper.UserMapper.selectByExample  : ==>  Preparing: select ID, ACCOUNT_ID, NAME, TOKEN, GMT_CREATE, GMT_MODIFIED, BIO, AVATAR_URL from USER WHERE ( TOKEN = ? )
2020-07-29 12:05:34.680 DEBUG 5528 --- [http-nio-8080-exec-5] c.x.c.mapper.UserMapper.selectByExample  : ==>  Preparing: select ID, ACCOUNT_ID, NAME, TOKEN, GMT_CREATE, GMT_MODIFIED, BIO, AVATAR_URL from USER WHERE ( TOKEN = ? )
2020-07-29 12:05:34.680 DEBUG 5528 --- [http-nio-8080-exec-3] c.x.c.mapper.UserMapper.selectByExample  : ==> Parameters: b646b7fc-5cb5-4edd-bdbc-0ec125cacfbb(String)
2020-07-29 12:05:34.681 DEBUG 5528 --- [http-nio-8080-exec-4] c.x.c.mapper.UserMapper.selectByExample  : ==>  Preparing: select ID, ACCOUNT_ID, NAME, TOKEN, GMT_CREATE, GMT_MODIFIED, BIO, AVATAR_URL from USER WHERE ( TOKEN = ? )
2020-07-29 12:05:34.681 DEBUG 5528 --- [http-nio-8080-exec-6] c.x.c.mapper.UserMapper.selectByExample  : ==>  Preparing: select ID, ACCOUNT_ID, NAME, TOKEN, GMT_CREATE, GMT_MODIFIED, BIO, AVATAR_URL from USER WHERE ( TOKEN = ? )
2020-07-29 12:05:34.681 DEBUG 5528 --- [http-nio-8080-exec-5] c.x.c.mapper.UserMapper.selectByExample  : ==> Parameters: b646b7fc-5cb5-4edd-bdbc-0ec125cacfbb(String)
2020-07-29 12:05:34.682 DEBUG 5528 --- [http-nio-8080-exec-6] c.x.c.mapper.UserMapper.selectByExample  : ==> Parameters: b646b7fc-5cb5-4edd-bdbc-0ec125cacfbb(String)
2020-07-29 12:05:34.682 DEBUG 5528 --- [http-nio-8080-exec-2] c.x.c.m.N.countByExample                 : ==>  Preparing: select count(*) from NOTIFICATION WHERE ( RECEIVER = ? and STATUS = ? )
2020-07-29 12:05:34.682 DEBUG 5528 --- [http-nio-8080-exec-4] c.x.c.mapper.UserMapper.selectByExample  : ==> Parameters: b646b7fc-5cb5-4edd-bdbc-0ec125cacfbb(String)
2020-07-29 12:05:34.682 DEBUG 5528 --- [http-nio-8080-exec-3] c.x.c.mapper.UserMapper.selectByExample  : <==      Total: 1
2020-07-29 12:05:34.683 DEBUG 5528 --- [http-nio-8080-exec-5] c.x.c.mapper.UserMapper.selectByExample  : <==      Total: 1
2020-07-29 12:05:34.683 DEBUG 5528 --- [http-nio-8080-exec-2] c.x.c.m.N.countByExample                 : ==> Parameters: 1(Long), 0(Integer)
2020-07-29 12:05:34.683 DEBUG 5528 --- [http-nio-8080-exec-2] c.x.c.m.N.countByExample                 : <==      Total: 1
2020-07-29 12:05:34.684 DEBUG 5528 --- [http-nio-8080-exec-3] c.x.c.m.N.countByExample                 : ==>  Preparing: select count(*) from NOTIFICATION WHERE ( RECEIVER = ? and STATUS = ? )
2020-07-29 12:05:34.685 DEBUG 5528 --- [http-nio-8080-exec-3] c.x.c.m.N.countByExample                 : ==> Parameters: 1(Long), 0(Integer)
2020-07-29 12:05:34.685 DEBUG 5528 --- [http-nio-8080-exec-5] c.x.c.m.N.countByExample                 : ==>  Preparing: select count(*) from NOTIFICATION WHERE ( RECEIVER = ? and STATUS = ? )
2020-07-29 12:05:34.685 DEBUG 5528 --- [http-nio-8080-exec-3] c.x.c.m.N.countByExample                 : <==      Total: 1
2020-07-29 12:05:34.685 DEBUG 5528 --- [http-nio-8080-exec-6] c.x.c.mapper.UserMapper.selectByExample  : <==      Total: 1
2020-07-29 12:05:34.686 DEBUG 5528 --- [http-nio-8080-exec-5] c.x.c.m.N.countByExample                 : ==> Parameters: 1(Long), 0(Integer)
2020-07-29 12:05:34.687 DEBUG 5528 --- [http-nio-8080-exec-5] c.x.c.m.N.countByExample                 : <==      Total: 1
2020-07-29 12:05:34.687 DEBUG 5528 --- [http-nio-8080-exec-6] c.x.c.m.N.countByExample                 : ==>  Preparing: select count(*) from NOTIFICATION WHERE ( RECEIVER = ? and STATUS = ? )
2020-07-29 12:05:34.687 DEBUG 5528 --- [http-nio-8080-exec-4] c.x.c.mapper.UserMapper.selectByExample  : <==      Total: 1
2020-07-29 12:05:34.688 DEBUG 5528 --- [http-nio-8080-exec-6] c.x.c.m.N.countByExample                 : ==> Parameters: 1(Long), 0(Integer)
2020-07-29 12:05:34.688 DEBUG 5528 --- [http-nio-8080-exec-6] c.x.c.m.N.countByExample                 : <==      Total: 1
2020-07-29 12:05:34.689 DEBUG 5528 --- [http-nio-8080-exec-4] c.x.c.m.N.countByExample                 : ==>  Preparing: select count(*) from NOTIFICATION WHERE ( RECEIVER = ? and STATUS = ? )
2020-07-29 12:05:34.690 DEBUG 5528 --- [http-nio-8080-exec-4] c.x.c.m.N.countByExample                 : ==> Parameters: 1(Long), 0(Integer)
2020-07-29 12:05:34.691 DEBUG 5528 --- [http-nio-8080-exec-4] c.x.c.m.N.countByExample                 : <==      Total: 1
2020-07-29 12:05:34.763 DEBUG 5528 --- [http-nio-8080-exec-7] c.x.c.mapper.UserMapper.selectByExample  : ==>  Preparing: select ID, ACCOUNT_ID, NAME, TOKEN, GMT_CREATE, GMT_MODIFIED, BIO, AVATAR_URL from USER WHERE ( TOKEN = ? )
2020-07-29 12:05:34.764 DEBUG 5528 --- [http-nio-8080-exec-7] c.x.c.mapper.UserMapper.selectByExample  : ==> Parameters: b646b7fc-5cb5-4edd-bdbc-0ec125cacfbb(String)
2020-07-29 12:05:34.764 DEBUG 5528 --- [http-nio-8080-exec-7] c.x.c.mapper.UserMapper.selectByExample  : <==      Total: 1
2020-07-29 12:05:34.765 DEBUG 5528 --- [http-nio-8080-exec-7] c.x.c.m.N.countByExample                 : ==>  Preparing: select count(*) from NOTIFICATION WHERE ( RECEIVER = ? and STATUS = ? )
2020-07-29 12:05:34.765 DEBUG 5528 --- [http-nio-8080-exec-7] c.x.c.m.N.countByExample                 : ==> Parameters: 1(Long), 0(Integer)
2020-07-29 12:05:34.765 DEBUG 5528 --- [http-nio-8080-exec-7] c.x.c.m.N.countByExample                 : <==      Total: 1
2020-07-29 12:05:34.782 DEBUG 5528 --- [http-nio-8080-exec-8] c.x.c.mapper.UserMapper.selectByExample  : ==>  Preparing: select ID, ACCOUNT_ID, NAME, TOKEN, GMT_CREATE, GMT_MODIFIED, BIO, AVATAR_URL from USER WHERE ( TOKEN = ? )
2020-07-29 12:05:34.782 DEBUG 5528 --- [http-nio-8080-exec-9] c.x.c.mapper.UserMapper.selectByExample  : ==>  Preparing: select ID, ACCOUNT_ID, NAME, TOKEN, GMT_CREATE, GMT_MODIFIED, BIO, AVATAR_URL from USER WHERE ( TOKEN = ? )
2020-07-29 12:05:34.782 DEBUG 5528 --- [http-nio-8080-exec-8] c.x.c.mapper.UserMapper.selectByExample  : ==> Parameters: b646b7fc-5cb5-4edd-bdbc-0ec125cacfbb(String)
2020-07-29 12:05:34.782 DEBUG 5528 --- [http-nio-8080-exec-9] c.x.c.mapper.UserMapper.selectByExample  : ==> Parameters: b646b7fc-5cb5-4edd-bdbc-0ec125cacfbb(String)
2020-07-29 12:05:34.783 DEBUG 5528 --- [http-nio-8080-exec-9] c.x.c.mapper.UserMapper.selectByExample  : <==      Total: 1
2020-07-29 12:05:34.783 DEBUG 5528 --- [http-nio-8080-exec-8] c.x.c.mapper.UserMapper.selectByExample  : <==      Total: 1
2020-07-29 12:05:34.785 DEBUG 5528 --- [http-nio-8080-exec-9] c.x.c.m.N.countByExample                 : ==>  Preparing: select count(*) from NOTIFICATION WHERE ( RECEIVER = ? and STATUS = ? )
2020-07-29 12:05:34.785 DEBUG 5528 --- [http-nio-8080-exec-9] c.x.c.m.N.countByExample                 : ==> Parameters: 1(Long), 0(Integer)
2020-07-29 12:05:34.785 DEBUG 5528 --- [http-nio-8080-exec-8] c.x.c.m.N.countByExample                 : ==>  Preparing: select count(*) from NOTIFICATION WHERE ( RECEIVER = ? and STATUS = ? )
2020-07-29 12:05:34.785 DEBUG 5528 --- [http-nio-8080-exec-8] c.x.c.m.N.countByExample                 : ==> Parameters: 1(Long), 0(Integer)
2020-07-29 12:05:34.786 DEBUG 5528 --- [http-nio-8080-exec-9] c.x.c.m.N.countByExample                 : <==      Total: 1
2020-07-29 12:05:34.786 DEBUG 5528 --- [http-nio-8080-exec-8] c.x.c.m.N.countByExample                 : <==      Total: 1
2020-07-29 12:05:37.066 DEBUG 5528 --- [http-nio-8080-exec-10] c.x.c.mapper.UserMapper.selectByExample  : ==>  Preparing: select ID, ACCOUNT_ID, NAME, TOKEN, GMT_CREATE, GMT_MODIFIED, BIO, AVATAR_URL from USER WHERE ( TOKEN = ? )
2020-07-29 12:05:37.067 DEBUG 5528 --- [http-nio-8080-exec-10] c.x.c.mapper.UserMapper.selectByExample  : ==> Parameters: b646b7fc-5cb5-4edd-bdbc-0ec125cacfbb(String)
2020-07-29 12:05:37.068 DEBUG 5528 --- [http-nio-8080-exec-10] c.x.c.mapper.UserMapper.selectByExample  : <==      Total: 1
2020-07-29 12:05:37.069 DEBUG 5528 --- [http-nio-8080-exec-10] c.x.c.m.N.countByExample                 : ==>  Preparing: select count(*) from NOTIFICATION WHERE ( RECEIVER = ? and STATUS = ? )
2020-07-29 12:05:37.069 DEBUG 5528 --- [http-nio-8080-exec-10] c.x.c.m.N.countByExample                 : ==> Parameters: 1(Long), 0(Integer)
2020-07-29 12:05:37.070 DEBUG 5528 --- [http-nio-8080-exec-10] c.x.c.m.N.countByExample                 : <==      Total: 1
2020-07-29 12:05:37.077 DEBUG 5528 --- [http-nio-8080-exec-10] c.x.c.mapper.UserMapper.selectByExample  : ==>  Preparing: select ID, ACCOUNT_ID, NAME, TOKEN, GMT_CREATE, GMT_MODIFIED, BIO, AVATAR_URL from USER WHERE ( TOKEN = ? )
2020-07-29 12:05:37.077 DEBUG 5528 --- [http-nio-8080-exec-10] c.x.c.mapper.UserMapper.selectByExample  : ==> Parameters: b646b7fc-5cb5-4edd-bdbc-0ec125cacfbb(String)
2020-07-29 12:05:37.078 DEBUG 5528 --- [http-nio-8080-exec-10] c.x.c.mapper.UserMapper.selectByExample  : <==      Total: 1
2020-07-29 12:05:37.079 DEBUG 5528 --- [http-nio-8080-exec-10] c.x.c.m.N.countByExample                 : ==>  Preparing: select count(*) from NOTIFICATION WHERE ( RECEIVER = ? and STATUS = ? )
2020-07-29 12:05:37.080 DEBUG 5528 --- [http-nio-8080-exec-10] c.x.c.m.N.countByExample                 : ==> Parameters: 1(Long), 0(Integer)
2020-07-29 12:05:37.080 DEBUG 5528 --- [http-nio-8080-exec-10] c.x.c.m.N.countByExample                 : <==      Total: 1
2020-07-29 12:07:26.946 DEBUG 5528 --- [http-nio-8080-exec-2] c.x.c.mapper.UserMapper.selectByExample  : ==>  Preparing: select ID, ACCOUNT_ID, NAME, TOKEN, GMT_CREATE, GMT_MODIFIED, BIO, AVATAR_URL from USER WHERE ( TOKEN = ? )
2020-07-29 12:07:26.947 DEBUG 5528 --- [http-nio-8080-exec-2] c.x.c.mapper.UserMapper.selectByExample  : ==> Parameters: b646b7fc-5cb5-4edd-bdbc-0ec125cacfbb(String)
2020-07-29 12:07:26.948 DEBUG 5528 --- [http-nio-8080-exec-2] c.x.c.mapper.UserMapper.selectByExample  : <==      Total: 1
2020-07-29 12:07:26.949 DEBUG 5528 --- [http-nio-8080-exec-2] c.x.c.m.N.countByExample                 : ==>  Preparing: select count(*) from NOTIFICATION WHERE ( RECEIVER = ? and STATUS = ? )
2020-07-29 12:07:26.949 DEBUG 5528 --- [http-nio-8080-exec-2] c.x.c.m.N.countByExample                 : ==> Parameters: 1(Long), 0(Integer)
2020-07-29 12:07:26.950 DEBUG 5528 --- [http-nio-8080-exec-2] c.x.c.m.N.countByExample                 : <==      Total: 1
2020-07-29 12:07:26.951 DEBUG 5528 --- [http-nio-8080-exec-2] c.x.c.m.QuestionExtMapper.countBySearch  : ==>  Preparing: select count(*) from QUESTION
2020-07-29 12:07:26.951 DEBUG 5528 --- [http-nio-8080-exec-2] c.x.c.m.QuestionExtMapper.countBySearch  : ==> Parameters: 
2020-07-29 12:07:26.951 DEBUG 5528 --- [http-nio-8080-exec-2] c.x.c.m.QuestionExtMapper.countBySearch  : <==      Total: 1
2020-07-29 12:07:26.951 DEBUG 5528 --- [http-nio-8080-exec-2] c.x.c.m.Q.selectBySearch                 : ==>  Preparing: select * from QUESTION order by gmt_create desc limit ?,?
2020-07-29 12:07:26.952 DEBUG 5528 --- [http-nio-8080-exec-2] c.x.c.m.Q.selectBySearch                 : ==> Parameters: 0(Integer), 2(Integer)
2020-07-29 12:07:26.953 DEBUG 5528 --- [http-nio-8080-exec-2] c.x.c.m.Q.selectBySearch                 : <==      Total: 2
2020-07-29 12:07:26.954 DEBUG 5528 --- [http-nio-8080-exec-2] c.x.c.m.UserMapper.selectByPrimaryKey    : ==>  Preparing: select ID, ACCOUNT_ID, NAME, TOKEN, GMT_CREATE, GMT_MODIFIED, BIO, AVATAR_URL from USER where ID = ?
2020-07-29 12:07:26.954 DEBUG 5528 --- [http-nio-8080-exec-2] c.x.c.m.UserMapper.selectByPrimaryKey    : ==> Parameters: 1(Long)
2020-07-29 12:07:26.955 DEBUG 5528 --- [http-nio-8080-exec-2] c.x.c.m.UserMapper.selectByPrimaryKey    : <==      Total: 1
2020-07-29 12:07:26.956 DEBUG 5528 --- [http-nio-8080-exec-2] c.x.c.m.UserMapper.selectByPrimaryKey    : ==>  Preparing: select ID, ACCOUNT_ID, NAME, TOKEN, GMT_CREATE, GMT_MODIFIED, BIO, AVATAR_URL from USER where ID = ?
2020-07-29 12:07:26.956 DEBUG 5528 --- [http-nio-8080-exec-2] c.x.c.m.UserMapper.selectByPrimaryKey    : ==> Parameters: 1(Long)
2020-07-29 12:07:26.959 DEBUG 5528 --- [http-nio-8080-exec-2] c.x.c.m.UserMapper.selectByPrimaryKey    : <==      Total: 1
2020-07-29 12:07:26.999 DEBUG 5528 --- [http-nio-8080-exec-9] c.x.c.mapper.UserMapper.selectByExample  : ==>  Preparing: select ID, ACCOUNT_ID, NAME, TOKEN, GMT_CREATE, GMT_MODIFIED, BIO, AVATAR_URL from USER WHERE ( TOKEN = ? )
2020-07-29 12:07:27.000 DEBUG 5528 --- [http-nio-8080-exec-9] c.x.c.mapper.UserMapper.selectByExample  : ==> Parameters: b646b7fc-5cb5-4edd-bdbc-0ec125cacfbb(String)
2020-07-29 12:07:27.000 DEBUG 5528 --- [http-nio-8080-exec-9] c.x.c.mapper.UserMapper.selectByExample  : <==      Total: 1
2020-07-29 12:07:27.001 DEBUG 5528 --- [http-nio-8080-exec-9] c.x.c.m.N.countByExample                 : ==>  Preparing: select count(*) from NOTIFICATION WHERE ( RECEIVER = ? and STATUS = ? )
2020-07-29 12:07:27.002 DEBUG 5528 --- [http-nio-8080-exec-9] c.x.c.m.N.countByExample                 : ==> Parameters: 1(Long), 0(Integer)
2020-07-29 12:07:27.002 DEBUG 5528 --- [http-nio-8080-exec-9] c.x.c.m.N.countByExample                 : <==      Total: 1
2020-07-29 12:07:27.003 DEBUG 5528 --- [http-nio-8080-exec-8] c.x.c.mapper.UserMapper.selectByExample  : ==>  Preparing: select ID, ACCOUNT_ID, NAME, TOKEN, GMT_CREATE, GMT_MODIFIED, BIO, AVATAR_URL from USER WHERE ( TOKEN = ? )
2020-07-29 12:07:27.003 DEBUG 5528 --- [http-nio-8080-exec-7] c.x.c.mapper.UserMapper.selectByExample  : ==>  Preparing: select ID, ACCOUNT_ID, NAME, TOKEN, GMT_CREATE, GMT_MODIFIED, BIO, AVATAR_URL from USER WHERE ( TOKEN = ? )
2020-07-29 12:07:27.004 DEBUG 5528 --- [http-nio-8080-exec-8] c.x.c.mapper.UserMapper.selectByExample  : ==> Parameters: b646b7fc-5cb5-4edd-bdbc-0ec125cacfbb(String)
2020-07-29 12:07:27.004 DEBUG 5528 --- [http-nio-8080-exec-7] c.x.c.mapper.UserMapper.selectByExample  : ==> Parameters: b646b7fc-5cb5-4edd-bdbc-0ec125cacfbb(String)
2020-07-29 12:07:27.005 DEBUG 5528 --- [http-nio-8080-exec-7] c.x.c.mapper.UserMapper.selectByExample  : <==      Total: 1
2020-07-29 12:07:27.006 DEBUG 5528 --- [http-nio-8080-exec-8] c.x.c.mapper.UserMapper.selectByExample  : <==      Total: 1
2020-07-29 12:07:27.008 DEBUG 5528 --- [http-nio-8080-exec-8] c.x.c.m.N.countByExample                 : ==>  Preparing: select count(*) from NOTIFICATION WHERE ( RECEIVER = ? and STATUS = ? )
2020-07-29 12:07:27.008 DEBUG 5528 --- [http-nio-8080-exec-8] c.x.c.m.N.countByExample                 : ==> Parameters: 1(Long), 0(Integer)
2020-07-29 12:07:27.009 DEBUG 5528 --- [http-nio-8080-exec-7] c.x.c.m.N.countByExample                 : ==>  Preparing: select count(*) from NOTIFICATION WHERE ( RECEIVER = ? and STATUS = ? )
2020-07-29 12:07:27.009 DEBUG 5528 --- [http-nio-8080-exec-8] c.x.c.m.N.countByExample                 : <==      Total: 1
2020-07-29 12:07:27.009 DEBUG 5528 --- [http-nio-8080-exec-7] c.x.c.m.N.countByExample                 : ==> Parameters: 1(Long), 0(Integer)
2020-07-29 12:07:27.009 DEBUG 5528 --- [http-nio-8080-exec-10] c.x.c.mapper.UserMapper.selectByExample  : ==>  Preparing: select ID, ACCOUNT_ID, NAME, TOKEN, GMT_CREATE, GMT_MODIFIED, BIO, AVATAR_URL from USER WHERE ( TOKEN = ? )
2020-07-29 12:07:27.009 DEBUG 5528 --- [http-nio-8080-exec-10] c.x.c.mapper.UserMapper.selectByExample  : ==> Parameters: b646b7fc-5cb5-4edd-bdbc-0ec125cacfbb(String)
2020-07-29 12:07:27.009 DEBUG 5528 --- [http-nio-8080-exec-7] c.x.c.m.N.countByExample                 : <==      Total: 1
2020-07-29 12:07:27.009 DEBUG 5528 --- [http-nio-8080-exec-10] c.x.c.mapper.UserMapper.selectByExample  : <==      Total: 1
2020-07-29 12:07:27.010 DEBUG 5528 --- [http-nio-8080-exec-3] c.x.c.mapper.UserMapper.selectByExample  : ==>  Preparing: select ID, ACCOUNT_ID, NAME, TOKEN, GMT_CREATE, GMT_MODIFIED, BIO, AVATAR_URL from USER WHERE ( TOKEN = ? )
2020-07-29 12:07:27.011 DEBUG 5528 --- [http-nio-8080-exec-3] c.x.c.mapper.UserMapper.selectByExample  : ==> Parameters: b646b7fc-5cb5-4edd-bdbc-0ec125cacfbb(String)
2020-07-29 12:07:27.011 DEBUG 5528 --- [http-nio-8080-exec-10] c.x.c.m.N.countByExample                 : ==>  Preparing: select count(*) from NOTIFICATION WHERE ( RECEIVER = ? and STATUS = ? )
2020-07-29 12:07:27.012 DEBUG 5528 --- [http-nio-8080-exec-10] c.x.c.m.N.countByExample                 : ==> Parameters: 1(Long), 0(Integer)
2020-07-29 12:07:27.013 DEBUG 5528 --- [http-nio-8080-exec-10] c.x.c.m.N.countByExample                 : <==      Total: 1
2020-07-29 12:07:27.015 DEBUG 5528 --- [http-nio-8080-exec-3] c.x.c.mapper.UserMapper.selectByExample  : <==      Total: 1
2020-07-29 12:07:27.016 DEBUG 5528 --- [http-nio-8080-exec-3] c.x.c.m.N.countByExample                 : ==>  Preparing: select count(*) from NOTIFICATION WHERE ( RECEIVER = ? and STATUS = ? )
2020-07-29 12:07:27.017 DEBUG 5528 --- [http-nio-8080-exec-3] c.x.c.m.N.countByExample                 : ==> Parameters: 1(Long), 0(Integer)
2020-07-29 12:07:27.017 DEBUG 5528 --- [http-nio-8080-exec-3] c.x.c.m.N.countByExample                 : <==      Total: 1
2020-07-29 12:07:27.068 DEBUG 5528 --- [http-nio-8080-exec-1] c.x.c.mapper.UserMapper.selectByExample  : ==>  Preparing: select ID, ACCOUNT_ID, NAME, TOKEN, GMT_CREATE, GMT_MODIFIED, BIO, AVATAR_URL from USER WHERE ( TOKEN = ? )
2020-07-29 12:07:27.068 DEBUG 5528 --- [http-nio-8080-exec-1] c.x.c.mapper.UserMapper.selectByExample  : ==> Parameters: b646b7fc-5cb5-4edd-bdbc-0ec125cacfbb(String)
2020-07-29 12:07:27.069 DEBUG 5528 --- [http-nio-8080-exec-1] c.x.c.mapper.UserMapper.selectByExample  : <==      Total: 1
2020-07-29 12:07:27.070 DEBUG 5528 --- [http-nio-8080-exec-1] c.x.c.m.N.countByExample                 : ==>  Preparing: select count(*) from NOTIFICATION WHERE ( RECEIVER = ? and STATUS = ? )
2020-07-29 12:07:27.070 DEBUG 5528 --- [http-nio-8080-exec-1] c.x.c.m.N.countByExample                 : ==> Parameters: 1(Long), 0(Integer)
2020-07-29 12:07:27.070 DEBUG 5528 --- [http-nio-8080-exec-1] c.x.c.m.N.countByExample                 : <==      Total: 1
2020-07-29 12:07:27.088 DEBUG 5528 --- [http-nio-8080-exec-5] c.x.c.mapper.UserMapper.selectByExample  : ==>  Preparing: select ID, ACCOUNT_ID, NAME, TOKEN, GMT_CREATE, GMT_MODIFIED, BIO, AVATAR_URL from USER WHERE ( TOKEN = ? )
2020-07-29 12:07:27.088 DEBUG 5528 --- [http-nio-8080-exec-6] c.x.c.mapper.UserMapper.selectByExample  : ==>  Preparing: select ID, ACCOUNT_ID, NAME, TOKEN, GMT_CREATE, GMT_MODIFIED, BIO, AVATAR_URL from USER WHERE ( TOKEN = ? )
2020-07-29 12:07:27.088 DEBUG 5528 --- [http-nio-8080-exec-5] c.x.c.mapper.UserMapper.selectByExample  : ==> Parameters: b646b7fc-5cb5-4edd-bdbc-0ec125cacfbb(String)
2020-07-29 12:07:27.089 DEBUG 5528 --- [http-nio-8080-exec-6] c.x.c.mapper.UserMapper.selectByExample  : ==> Parameters: b646b7fc-5cb5-4edd-bdbc-0ec125cacfbb(String)
2020-07-29 12:07:27.089 DEBUG 5528 --- [http-nio-8080-exec-5] c.x.c.mapper.UserMapper.selectByExample  : <==      Total: 1
2020-07-29 12:07:27.089 DEBUG 5528 --- [http-nio-8080-exec-6] c.x.c.mapper.UserMapper.selectByExample  : <==      Total: 1
2020-07-29 12:07:27.090 DEBUG 5528 --- [http-nio-8080-exec-5] c.x.c.m.N.countByExample                 : ==>  Preparing: select count(*) from NOTIFICATION WHERE ( RECEIVER = ? and STATUS = ? )
2020-07-29 12:07:27.090 DEBUG 5528 --- [http-nio-8080-exec-6] c.x.c.m.N.countByExample                 : ==>  Preparing: select count(*) from NOTIFICATION WHERE ( RECEIVER = ? and STATUS = ? )
2020-07-29 12:07:27.090 DEBUG 5528 --- [http-nio-8080-exec-5] c.x.c.m.N.countByExample                 : ==> Parameters: 1(Long), 0(Integer)
2020-07-29 12:07:27.090 DEBUG 5528 --- [http-nio-8080-exec-6] c.x.c.m.N.countByExample                 : ==> Parameters: 1(Long), 0(Integer)
2020-07-29 12:07:27.091 DEBUG 5528 --- [http-nio-8080-exec-5] c.x.c.m.N.countByExample                 : <==      Total: 1
2020-07-29 12:07:27.091 DEBUG 5528 --- [http-nio-8080-exec-6] c.x.c.m.N.countByExample                 : <==      Total: 1
2020-07-29 12:07:29.445 DEBUG 5528 --- [http-nio-8080-exec-4] c.x.c.mapper.UserMapper.selectByExample  : ==>  Preparing: select ID, ACCOUNT_ID, NAME, TOKEN, GMT_CREATE, GMT_MODIFIED, BIO, AVATAR_URL from USER WHERE ( TOKEN = ? )
2020-07-29 12:07:29.445 DEBUG 5528 --- [http-nio-8080-exec-4] c.x.c.mapper.UserMapper.selectByExample  : ==> Parameters: b646b7fc-5cb5-4edd-bdbc-0ec125cacfbb(String)
2020-07-29 12:07:29.445 DEBUG 5528 --- [http-nio-8080-exec-4] c.x.c.mapper.UserMapper.selectByExample  : <==      Total: 1
2020-07-29 12:07:29.446 DEBUG 5528 --- [http-nio-8080-exec-4] c.x.c.m.N.countByExample                 : ==>  Preparing: select count(*) from NOTIFICATION WHERE ( RECEIVER = ? and STATUS = ? )
2020-07-29 12:07:29.447 DEBUG 5528 --- [http-nio-8080-exec-4] c.x.c.m.N.countByExample                 : ==> Parameters: 1(Long), 0(Integer)
2020-07-29 12:07:29.447 DEBUG 5528 --- [http-nio-8080-exec-4] c.x.c.m.N.countByExample                 : <==      Total: 1
2020-07-29 12:07:29.475 DEBUG 5528 --- [http-nio-8080-exec-4] c.x.c.mapper.UserMapper.selectByExample  : ==>  Preparing: select ID, ACCOUNT_ID, NAME, TOKEN, GMT_CREATE, GMT_MODIFIED, BIO, AVATAR_URL from USER WHERE ( TOKEN = ? )
2020-07-29 12:07:29.475 DEBUG 5528 --- [http-nio-8080-exec-4] c.x.c.mapper.UserMapper.selectByExample  : ==> Parameters: b646b7fc-5cb5-4edd-bdbc-0ec125cacfbb(String)
2020-07-29 12:07:29.476 DEBUG 5528 --- [http-nio-8080-exec-4] c.x.c.mapper.UserMapper.selectByExample  : <==      Total: 1
2020-07-29 12:07:29.476 DEBUG 5528 --- [http-nio-8080-exec-4] c.x.c.m.N.countByExample                 : ==>  Preparing: select count(*) from NOTIFICATION WHERE ( RECEIVER = ? and STATUS = ? )
2020-07-29 12:07:29.476 DEBUG 5528 --- [http-nio-8080-exec-4] c.x.c.m.N.countByExample                 : ==> Parameters: 1(Long), 0(Integer)
2020-07-29 12:07:29.477 DEBUG 5528 --- [http-nio-8080-exec-4] c.x.c.m.N.countByExample                 : <==      Total: 1
2020-07-29 12:07:31.677 DEBUG 5528 --- [http-nio-8080-exec-2] c.x.c.mapper.UserMapper.selectByExample  : ==>  Preparing: select ID, ACCOUNT_ID, NAME, TOKEN, GMT_CREATE, GMT_MODIFIED, BIO, AVATAR_URL from USER WHERE ( TOKEN = ? )
2020-07-29 12:07:31.677 DEBUG 5528 --- [http-nio-8080-exec-2] c.x.c.mapper.UserMapper.selectByExample  : ==> Parameters: b646b7fc-5cb5-4edd-bdbc-0ec125cacfbb(String)
2020-07-29 12:07:31.678 DEBUG 5528 --- [http-nio-8080-exec-2] c.x.c.mapper.UserMapper.selectByExample  : <==      Total: 1
2020-07-29 12:07:31.679 DEBUG 5528 --- [http-nio-8080-exec-2] c.x.c.m.N.countByExample                 : ==>  Preparing: select count(*) from NOTIFICATION WHERE ( RECEIVER = ? and STATUS = ? )
2020-07-29 12:07:31.679 DEBUG 5528 --- [http-nio-8080-exec-2] c.x.c.m.N.countByExample                 : ==> Parameters: 1(Long), 0(Integer)
2020-07-29 12:07:31.680 DEBUG 5528 --- [http-nio-8080-exec-2] c.x.c.m.N.countByExample                 : <==      Total: 1
2020-07-29 12:07:31.681 DEBUG 5528 --- [http-nio-8080-exec-2] c.x.c.m.QuestionExtMapper.countBySearch  : ==>  Preparing: select count(*) from QUESTION
2020-07-29 12:07:31.681 DEBUG 5528 --- [http-nio-8080-exec-2] c.x.c.m.QuestionExtMapper.countBySearch  : ==> Parameters: 
2020-07-29 12:07:31.681 DEBUG 5528 --- [http-nio-8080-exec-2] c.x.c.m.QuestionExtMapper.countBySearch  : <==      Total: 1
2020-07-29 12:07:31.682 DEBUG 5528 --- [http-nio-8080-exec-2] c.x.c.m.Q.selectBySearch                 : ==>  Preparing: select * from QUESTION order by gmt_create desc limit ?,?
2020-07-29 12:07:31.682 DEBUG 5528 --- [http-nio-8080-exec-2] c.x.c.m.Q.selectBySearch                 : ==> Parameters: 0(Integer), 2(Integer)
2020-07-29 12:07:31.684 DEBUG 5528 --- [http-nio-8080-exec-2] c.x.c.m.Q.selectBySearch                 : <==      Total: 2
2020-07-29 12:07:31.684 DEBUG 5528 --- [http-nio-8080-exec-2] c.x.c.m.UserMapper.selectByPrimaryKey    : ==>  Preparing: select ID, ACCOUNT_ID, NAME, TOKEN, GMT_CREATE, GMT_MODIFIED, BIO, AVATAR_URL from USER where ID = ?
2020-07-29 12:07:31.684 DEBUG 5528 --- [http-nio-8080-exec-2] c.x.c.m.UserMapper.selectByPrimaryKey    : ==> Parameters: 1(Long)
2020-07-29 12:07:31.685 DEBUG 5528 --- [http-nio-8080-exec-2] c.x.c.m.UserMapper.selectByPrimaryKey    : <==      Total: 1
2020-07-29 12:07:31.685 DEBUG 5528 --- [http-nio-8080-exec-2] c.x.c.m.UserMapper.selectByPrimaryKey    : ==>  Preparing: select ID, ACCOUNT_ID, NAME, TOKEN, GMT_CREATE, GMT_MODIFIED, BIO, AVATAR_URL from USER where ID = ?
2020-07-29 12:07:31.685 DEBUG 5528 --- [http-nio-8080-exec-2] c.x.c.m.UserMapper.selectByPrimaryKey    : ==> Parameters: 1(Long)
2020-07-29 12:07:31.685 DEBUG 5528 --- [http-nio-8080-exec-2] c.x.c.m.UserMapper.selectByPrimaryKey    : <==      Total: 1
2020-07-29 12:07:31.724 DEBUG 5528 --- [http-nio-8080-exec-9] c.x.c.mapper.UserMapper.selectByExample  : ==>  Preparing: select ID, ACCOUNT_ID, NAME, TOKEN, GMT_CREATE, GMT_MODIFIED, BIO, AVATAR_URL from USER WHERE ( TOKEN = ? )
2020-07-29 12:07:31.724 DEBUG 5528 --- [http-nio-8080-exec-9] c.x.c.mapper.UserMapper.selectByExample  : ==> Parameters: b646b7fc-5cb5-4edd-bdbc-0ec125cacfbb(String)
2020-07-29 12:07:31.724 DEBUG 5528 --- [http-nio-8080-exec-8] c.x.c.mapper.UserMapper.selectByExample  : ==>  Preparing: select ID, ACCOUNT_ID, NAME, TOKEN, GMT_CREATE, GMT_MODIFIED, BIO, AVATAR_URL from USER WHERE ( TOKEN = ? )
2020-07-29 12:07:31.725 DEBUG 5528 --- [http-nio-8080-exec-9] c.x.c.mapper.UserMapper.selectByExample  : <==      Total: 1
2020-07-29 12:07:31.725 DEBUG 5528 --- [http-nio-8080-exec-10] c.x.c.mapper.UserMapper.selectByExample  : ==>  Preparing: select ID, ACCOUNT_ID, NAME, TOKEN, GMT_CREATE, GMT_MODIFIED, BIO, AVATAR_URL from USER WHERE ( TOKEN = ? )
2020-07-29 12:07:31.725 DEBUG 5528 --- [http-nio-8080-exec-8] c.x.c.mapper.UserMapper.selectByExample  : ==> Parameters: b646b7fc-5cb5-4edd-bdbc-0ec125cacfbb(String)
2020-07-29 12:07:31.725 DEBUG 5528 --- [http-nio-8080-exec-10] c.x.c.mapper.UserMapper.selectByExample  : ==> Parameters: b646b7fc-5cb5-4edd-bdbc-0ec125cacfbb(String)
2020-07-29 12:07:31.725 DEBUG 5528 --- [http-nio-8080-exec-9] c.x.c.m.N.countByExample                 : ==>  Preparing: select count(*) from NOTIFICATION WHERE ( RECEIVER = ? and STATUS = ? )
2020-07-29 12:07:31.725 DEBUG 5528 --- [http-nio-8080-exec-10] c.x.c.mapper.UserMapper.selectByExample  : <==      Total: 1
2020-07-29 12:07:31.725 DEBUG 5528 --- [http-nio-8080-exec-8] c.x.c.mapper.UserMapper.selectByExample  : <==      Total: 1
2020-07-29 12:07:31.725 DEBUG 5528 --- [http-nio-8080-exec-7] c.x.c.mapper.UserMapper.selectByExample  : ==>  Preparing: select ID, ACCOUNT_ID, NAME, TOKEN, GMT_CREATE, GMT_MODIFIED, BIO, AVATAR_URL from USER WHERE ( TOKEN = ? )
2020-07-29 12:07:31.725 DEBUG 5528 --- [http-nio-8080-exec-9] c.x.c.m.N.countByExample                 : ==> Parameters: 1(Long), 0(Integer)
2020-07-29 12:07:31.725 DEBUG 5528 --- [http-nio-8080-exec-7] c.x.c.mapper.UserMapper.selectByExample  : ==> Parameters: b646b7fc-5cb5-4edd-bdbc-0ec125cacfbb(String)
2020-07-29 12:07:31.726 DEBUG 5528 --- [http-nio-8080-exec-9] c.x.c.m.N.countByExample                 : <==      Total: 1
2020-07-29 12:07:31.726 DEBUG 5528 --- [http-nio-8080-exec-7] c.x.c.mapper.UserMapper.selectByExample  : <==      Total: 1
2020-07-29 12:07:31.726 DEBUG 5528 --- [http-nio-8080-exec-10] c.x.c.m.N.countByExample                 : ==>  Preparing: select count(*) from NOTIFICATION WHERE ( RECEIVER = ? and STATUS = ? )
2020-07-29 12:07:31.726 DEBUG 5528 --- [http-nio-8080-exec-8] c.x.c.m.N.countByExample                 : ==>  Preparing: select count(*) from NOTIFICATION WHERE ( RECEIVER = ? and STATUS = ? )
2020-07-29 12:07:31.726 DEBUG 5528 --- [http-nio-8080-exec-10] c.x.c.m.N.countByExample                 : ==> Parameters: 1(Long), 0(Integer)
2020-07-29 12:07:31.726 DEBUG 5528 --- [http-nio-8080-exec-8] c.x.c.m.N.countByExample                 : ==> Parameters: 1(Long), 0(Integer)
2020-07-29 12:07:31.726 DEBUG 5528 --- [http-nio-8080-exec-10] c.x.c.m.N.countByExample                 : <==      Total: 1
2020-07-29 12:07:31.726 DEBUG 5528 --- [http-nio-8080-exec-8] c.x.c.m.N.countByExample                 : <==      Total: 1
2020-07-29 12:07:31.726 DEBUG 5528 --- [http-nio-8080-exec-7] c.x.c.m.N.countByExample                 : ==>  Preparing: select count(*) from NOTIFICATION WHERE ( RECEIVER = ? and STATUS = ? )
2020-07-29 12:07:31.726 DEBUG 5528 --- [http-nio-8080-exec-7] c.x.c.m.N.countByExample                 : ==> Parameters: 1(Long), 0(Integer)
2020-07-29 12:07:31.727 DEBUG 5528 --- [http-nio-8080-exec-7] c.x.c.m.N.countByExample                 : <==      Total: 1
2020-07-29 12:07:31.727 DEBUG 5528 --- [http-nio-8080-exec-3] c.x.c.mapper.UserMapper.selectByExample  : ==>  Preparing: select ID, ACCOUNT_ID, NAME, TOKEN, GMT_CREATE, GMT_MODIFIED, BIO, AVATAR_URL from USER WHERE ( TOKEN = ? )
2020-07-29 12:07:31.727 DEBUG 5528 --- [http-nio-8080-exec-3] c.x.c.mapper.UserMapper.selectByExample  : ==> Parameters: b646b7fc-5cb5-4edd-bdbc-0ec125cacfbb(String)
2020-07-29 12:07:31.728 DEBUG 5528 --- [http-nio-8080-exec-3] c.x.c.mapper.UserMapper.selectByExample  : <==      Total: 1
2020-07-29 12:07:31.732 DEBUG 5528 --- [http-nio-8080-exec-3] c.x.c.m.N.countByExample                 : ==>  Preparing: select count(*) from NOTIFICATION WHERE ( RECEIVER = ? and STATUS = ? )
2020-07-29 12:07:31.732 DEBUG 5528 --- [http-nio-8080-exec-3] c.x.c.m.N.countByExample                 : ==> Parameters: 1(Long), 0(Integer)
2020-07-29 12:07:31.733 DEBUG 5528 --- [http-nio-8080-exec-3] c.x.c.m.N.countByExample                 : <==      Total: 1
2020-07-29 12:07:31.789 DEBUG 5528 --- [http-nio-8080-exec-1] c.x.c.mapper.UserMapper.selectByExample  : ==>  Preparing: select ID, ACCOUNT_ID, NAME, TOKEN, GMT_CREATE, GMT_MODIFIED, BIO, AVATAR_URL from USER WHERE ( TOKEN = ? )
2020-07-29 12:07:31.789 DEBUG 5528 --- [http-nio-8080-exec-1] c.x.c.mapper.UserMapper.selectByExample  : ==> Parameters: b646b7fc-5cb5-4edd-bdbc-0ec125cacfbb(String)
2020-07-29 12:07:31.789 DEBUG 5528 --- [http-nio-8080-exec-6] c.x.c.mapper.UserMapper.selectByExample  : ==>  Preparing: select ID, ACCOUNT_ID, NAME, TOKEN, GMT_CREATE, GMT_MODIFIED, BIO, AVATAR_URL from USER WHERE ( TOKEN = ? )
2020-07-29 12:07:31.789 DEBUG 5528 --- [http-nio-8080-exec-5] c.x.c.mapper.UserMapper.selectByExample  : ==>  Preparing: select ID, ACCOUNT_ID, NAME, TOKEN, GMT_CREATE, GMT_MODIFIED, BIO, AVATAR_URL from USER WHERE ( TOKEN = ? )
2020-07-29 12:07:31.789 DEBUG 5528 --- [http-nio-8080-exec-6] c.x.c.mapper.UserMapper.selectByExample  : ==> Parameters: b646b7fc-5cb5-4edd-bdbc-0ec125cacfbb(String)
2020-07-29 12:07:31.789 DEBUG 5528 --- [http-nio-8080-exec-5] c.x.c.mapper.UserMapper.selectByExample  : ==> Parameters: b646b7fc-5cb5-4edd-bdbc-0ec125cacfbb(String)
2020-07-29 12:07:31.790 DEBUG 5528 --- [http-nio-8080-exec-1] c.x.c.mapper.UserMapper.selectByExample  : <==      Total: 1
2020-07-29 12:07:31.790 DEBUG 5528 --- [http-nio-8080-exec-6] c.x.c.mapper.UserMapper.selectByExample  : <==      Total: 1
2020-07-29 12:07:31.790 DEBUG 5528 --- [http-nio-8080-exec-5] c.x.c.mapper.UserMapper.selectByExample  : <==      Total: 1
2020-07-29 12:07:31.790 DEBUG 5528 --- [http-nio-8080-exec-1] c.x.c.m.N.countByExample                 : ==>  Preparing: select count(*) from NOTIFICATION WHERE ( RECEIVER = ? and STATUS = ? )
2020-07-29 12:07:31.790 DEBUG 5528 --- [http-nio-8080-exec-6] c.x.c.m.N.countByExample                 : ==>  Preparing: select count(*) from NOTIFICATION WHERE ( RECEIVER = ? and STATUS = ? )
2020-07-29 12:07:31.790 DEBUG 5528 --- [http-nio-8080-exec-1] c.x.c.m.N.countByExample                 : ==> Parameters: 1(Long), 0(Integer)
2020-07-29 12:07:31.791 DEBUG 5528 --- [http-nio-8080-exec-6] c.x.c.m.N.countByExample                 : ==> Parameters: 1(Long), 0(Integer)
2020-07-29 12:07:31.791 DEBUG 5528 --- [http-nio-8080-exec-1] c.x.c.m.N.countByExample                 : <==      Total: 1
2020-07-29 12:07:31.791 DEBUG 5528 --- [http-nio-8080-exec-5] c.x.c.m.N.countByExample                 : ==>  Preparing: select count(*) from NOTIFICATION WHERE ( RECEIVER = ? and STATUS = ? )
2020-07-29 12:07:31.791 DEBUG 5528 --- [http-nio-8080-exec-6] c.x.c.m.N.countByExample                 : <==      Total: 1
2020-07-29 12:07:31.791 DEBUG 5528 --- [http-nio-8080-exec-5] c.x.c.m.N.countByExample                 : ==> Parameters: 1(Long), 0(Integer)
2020-07-29 12:07:31.791 DEBUG 5528 --- [http-nio-8080-exec-5] c.x.c.m.N.countByExample                 : <==      Total: 1
2020-07-29 12:09:47.692 DEBUG 5528 --- [http-nio-8080-exec-7] c.x.c.mapper.UserMapper.selectByExample  : ==>  Preparing: select ID, ACCOUNT_ID, NAME, TOKEN, GMT_CREATE, GMT_MODIFIED, BIO, AVATAR_URL from USER WHERE ( TOKEN = ? )
2020-07-29 12:09:47.693 DEBUG 5528 --- [http-nio-8080-exec-7] c.x.c.mapper.UserMapper.selectByExample  : ==> Parameters: b646b7fc-5cb5-4edd-bdbc-0ec125cacfbb(String)
2020-07-29 12:09:47.694 DEBUG 5528 --- [http-nio-8080-exec-7] c.x.c.mapper.UserMapper.selectByExample  : <==      Total: 1
2020-07-29 12:09:47.695 DEBUG 5528 --- [http-nio-8080-exec-7] c.x.c.m.N.countByExample                 : ==>  Preparing: select count(*) from NOTIFICATION WHERE ( RECEIVER = ? and STATUS = ? )
2020-07-29 12:09:47.695 DEBUG 5528 --- [http-nio-8080-exec-7] c.x.c.m.N.countByExample                 : ==> Parameters: 1(Long), 0(Integer)
2020-07-29 12:09:47.695 DEBUG 5528 --- [http-nio-8080-exec-7] c.x.c.m.N.countByExample                 : <==      Total: 1
2020-07-29 12:09:47.696 DEBUG 5528 --- [http-nio-8080-exec-7] c.x.c.m.QuestionExtMapper.countBySearch  : ==>  Preparing: select count(*) from QUESTION
2020-07-29 12:09:47.696 DEBUG 5528 --- [http-nio-8080-exec-7] c.x.c.m.QuestionExtMapper.countBySearch  : ==> Parameters: 
2020-07-29 12:09:47.696 DEBUG 5528 --- [http-nio-8080-exec-7] c.x.c.m.QuestionExtMapper.countBySearch  : <==      Total: 1
2020-07-29 12:09:47.697 DEBUG 5528 --- [http-nio-8080-exec-7] c.x.c.m.Q.selectBySearch                 : ==>  Preparing: select * from QUESTION order by gmt_create desc limit ?,?
2020-07-29 12:09:47.697 DEBUG 5528 --- [http-nio-8080-exec-7] c.x.c.m.Q.selectBySearch                 : ==> Parameters: 0(Integer), 2(Integer)
2020-07-29 12:09:47.698 DEBUG 5528 --- [http-nio-8080-exec-7] c.x.c.m.Q.selectBySearch                 : <==      Total: 2
2020-07-29 12:09:47.698 DEBUG 5528 --- [http-nio-8080-exec-7] c.x.c.m.UserMapper.selectByPrimaryKey    : ==>  Preparing: select ID, ACCOUNT_ID, NAME, TOKEN, GMT_CREATE, GMT_MODIFIED, BIO, AVATAR_URL from USER where ID = ?
2020-07-29 12:09:47.698 DEBUG 5528 --- [http-nio-8080-exec-7] c.x.c.m.UserMapper.selectByPrimaryKey    : ==> Parameters: 1(Long)
2020-07-29 12:09:47.699 DEBUG 5528 --- [http-nio-8080-exec-7] c.x.c.m.UserMapper.selectByPrimaryKey    : <==      Total: 1
2020-07-29 12:09:47.699 DEBUG 5528 --- [http-nio-8080-exec-7] c.x.c.m.UserMapper.selectByPrimaryKey    : ==>  Preparing: select ID, ACCOUNT_ID, NAME, TOKEN, GMT_CREATE, GMT_MODIFIED, BIO, AVATAR_URL from USER where ID = ?
2020-07-29 12:09:47.699 DEBUG 5528 --- [http-nio-8080-exec-7] c.x.c.m.UserMapper.selectByPrimaryKey    : ==> Parameters: 1(Long)
2020-07-29 12:09:47.699 DEBUG 5528 --- [http-nio-8080-exec-7] c.x.c.m.UserMapper.selectByPrimaryKey    : <==      Total: 1
2020-07-29 12:09:47.737 DEBUG 5528 --- [http-nio-8080-exec-1] c.x.c.mapper.UserMapper.selectByExample  : ==>  Preparing: select ID, ACCOUNT_ID, NAME, TOKEN, GMT_CREATE, GMT_MODIFIED, BIO, AVATAR_URL from USER WHERE ( TOKEN = ? )
2020-07-29 12:09:47.737 DEBUG 5528 --- [http-nio-8080-exec-1] c.x.c.mapper.UserMapper.selectByExample  : ==> Parameters: b646b7fc-5cb5-4edd-bdbc-0ec125cacfbb(String)
2020-07-29 12:09:47.737 DEBUG 5528 --- [http-nio-8080-exec-3] c.x.c.mapper.UserMapper.selectByExample  : ==>  Preparing: select ID, ACCOUNT_ID, NAME, TOKEN, GMT_CREATE, GMT_MODIFIED, BIO, AVATAR_URL from USER WHERE ( TOKEN = ? )
2020-07-29 12:09:47.738 DEBUG 5528 --- [http-nio-8080-exec-3] c.x.c.mapper.UserMapper.selectByExample  : ==> Parameters: b646b7fc-5cb5-4edd-bdbc-0ec125cacfbb(String)
2020-07-29 12:09:47.738 DEBUG 5528 --- [http-nio-8080-exec-1] c.x.c.mapper.UserMapper.selectByExample  : <==      Total: 1
2020-07-29 12:09:47.738 DEBUG 5528 --- [http-nio-8080-exec-6] c.x.c.mapper.UserMapper.selectByExample  : ==>  Preparing: select ID, ACCOUNT_ID, NAME, TOKEN, GMT_CREATE, GMT_MODIFIED, BIO, AVATAR_URL from USER WHERE ( TOKEN = ? )
2020-07-29 12:09:47.738 DEBUG 5528 --- [http-nio-8080-exec-5] c.x.c.mapper.UserMapper.selectByExample  : ==>  Preparing: select ID, ACCOUNT_ID, NAME, TOKEN, GMT_CREATE, GMT_MODIFIED, BIO, AVATAR_URL from USER WHERE ( TOKEN = ? )
2020-07-29 12:09:47.738 DEBUG 5528 --- [http-nio-8080-exec-3] c.x.c.mapper.UserMapper.selectByExample  : <==      Total: 1
2020-07-29 12:09:47.738 DEBUG 5528 --- [http-nio-8080-exec-6] c.x.c.mapper.UserMapper.selectByExample  : ==> Parameters: b646b7fc-5cb5-4edd-bdbc-0ec125cacfbb(String)
2020-07-29 12:09:47.738 DEBUG 5528 --- [http-nio-8080-exec-5] c.x.c.mapper.UserMapper.selectByExample  : ==> Parameters: b646b7fc-5cb5-4edd-bdbc-0ec125cacfbb(String)
2020-07-29 12:09:47.738 DEBUG 5528 --- [http-nio-8080-exec-6] c.x.c.mapper.UserMapper.selectByExample  : <==      Total: 1
2020-07-29 12:09:47.738 DEBUG 5528 --- [http-nio-8080-exec-5] c.x.c.mapper.UserMapper.selectByExample  : <==      Total: 1
2020-07-29 12:09:47.738 DEBUG 5528 --- [http-nio-8080-exec-3] c.x.c.m.N.countByExample                 : ==>  Preparing: select count(*) from NOTIFICATION WHERE ( RECEIVER = ? and STATUS = ? )
2020-07-29 12:09:47.739 DEBUG 5528 --- [http-nio-8080-exec-3] c.x.c.m.N.countByExample                 : ==> Parameters: 1(Long), 0(Integer)
2020-07-29 12:09:47.739 DEBUG 5528 --- [http-nio-8080-exec-10] c.x.c.mapper.UserMapper.selectByExample  : ==>  Preparing: select ID, ACCOUNT_ID, NAME, TOKEN, GMT_CREATE, GMT_MODIFIED, BIO, AVATAR_URL from USER WHERE ( TOKEN = ? )
2020-07-29 12:09:47.739 DEBUG 5528 --- [http-nio-8080-exec-6] c.x.c.m.N.countByExample                 : ==>  Preparing: select count(*) from NOTIFICATION WHERE ( RECEIVER = ? and STATUS = ? )
2020-07-29 12:09:47.739 DEBUG 5528 --- [http-nio-8080-exec-5] c.x.c.m.N.countByExample                 : ==>  Preparing: select count(*) from NOTIFICATION WHERE ( RECEIVER = ? and STATUS = ? )
2020-07-29 12:09:47.739 DEBUG 5528 --- [http-nio-8080-exec-10] c.x.c.mapper.UserMapper.selectByExample  : ==> Parameters: b646b7fc-5cb5-4edd-bdbc-0ec125cacfbb(String)
2020-07-29 12:09:47.740 DEBUG 5528 --- [http-nio-8080-exec-10] c.x.c.mapper.UserMapper.selectByExample  : <==      Total: 1
2020-07-29 12:09:47.739 DEBUG 5528 --- [http-nio-8080-exec-6] c.x.c.m.N.countByExample                 : ==> Parameters: 1(Long), 0(Integer)
2020-07-29 12:09:47.741 DEBUG 5528 --- [http-nio-8080-exec-6] c.x.c.m.N.countByExample                 : <==      Total: 1
2020-07-29 12:09:47.739 DEBUG 5528 --- [http-nio-8080-exec-5] c.x.c.m.N.countByExample                 : ==> Parameters: 1(Long), 0(Integer)
2020-07-29 12:09:47.739 DEBUG 5528 --- [http-nio-8080-exec-3] c.x.c.m.N.countByExample                 : <==      Total: 1
2020-07-29 12:09:47.741 DEBUG 5528 --- [http-nio-8080-exec-5] c.x.c.m.N.countByExample                 : <==      Total: 1
2020-07-29 12:09:47.740 DEBUG 5528 --- [http-nio-8080-exec-1] c.x.c.m.N.countByExample                 : ==>  Preparing: select count(*) from NOTIFICATION WHERE ( RECEIVER = ? and STATUS = ? )
2020-07-29 12:09:47.741 DEBUG 5528 --- [http-nio-8080-exec-10] c.x.c.m.N.countByExample                 : ==>  Preparing: select count(*) from NOTIFICATION WHERE ( RECEIVER = ? and STATUS = ? )
2020-07-29 12:09:47.741 DEBUG 5528 --- [http-nio-8080-exec-1] c.x.c.m.N.countByExample                 : ==> Parameters: 1(Long), 0(Integer)
2020-07-29 12:09:47.741 DEBUG 5528 --- [http-nio-8080-exec-10] c.x.c.m.N.countByExample                 : ==> Parameters: 1(Long), 0(Integer)
2020-07-29 12:09:47.742 DEBUG 5528 --- [http-nio-8080-exec-10] c.x.c.m.N.countByExample                 : <==      Total: 1
2020-07-29 12:09:47.742 DEBUG 5528 --- [http-nio-8080-exec-1] c.x.c.m.N.countByExample                 : <==      Total: 1
2020-07-29 12:09:47.781 DEBUG 5528 --- [http-nio-8080-exec-8] c.x.c.mapper.UserMapper.selectByExample  : ==>  Preparing: select ID, ACCOUNT_ID, NAME, TOKEN, GMT_CREATE, GMT_MODIFIED, BIO, AVATAR_URL from USER WHERE ( TOKEN = ? )
2020-07-29 12:09:47.781 DEBUG 5528 --- [http-nio-8080-exec-8] c.x.c.mapper.UserMapper.selectByExample  : ==> Parameters: b646b7fc-5cb5-4edd-bdbc-0ec125cacfbb(String)
2020-07-29 12:09:47.781 DEBUG 5528 --- [http-nio-8080-exec-8] c.x.c.mapper.UserMapper.selectByExample  : <==      Total: 1
2020-07-29 12:09:47.782 DEBUG 5528 --- [http-nio-8080-exec-8] c.x.c.m.N.countByExample                 : ==>  Preparing: select count(*) from NOTIFICATION WHERE ( RECEIVER = ? and STATUS = ? )
2020-07-29 12:09:47.782 DEBUG 5528 --- [http-nio-8080-exec-8] c.x.c.m.N.countByExample                 : ==> Parameters: 1(Long), 0(Integer)
2020-07-29 12:09:47.782 DEBUG 5528 --- [http-nio-8080-exec-8] c.x.c.m.N.countByExample                 : <==      Total: 1
2020-07-29 12:09:47.808 DEBUG 5528 --- [http-nio-8080-exec-4] c.x.c.mapper.UserMapper.selectByExample  : ==>  Preparing: select ID, ACCOUNT_ID, NAME, TOKEN, GMT_CREATE, GMT_MODIFIED, BIO, AVATAR_URL from USER WHERE ( TOKEN = ? )
2020-07-29 12:09:47.808 DEBUG 5528 --- [http-nio-8080-exec-2] c.x.c.mapper.UserMapper.selectByExample  : ==>  Preparing: select ID, ACCOUNT_ID, NAME, TOKEN, GMT_CREATE, GMT_MODIFIED, BIO, AVATAR_URL from USER WHERE ( TOKEN = ? )
2020-07-29 12:09:47.808 DEBUG 5528 --- [http-nio-8080-exec-4] c.x.c.mapper.UserMapper.selectByExample  : ==> Parameters: b646b7fc-5cb5-4edd-bdbc-0ec125cacfbb(String)
2020-07-29 12:09:47.808 DEBUG 5528 --- [http-nio-8080-exec-2] c.x.c.mapper.UserMapper.selectByExample  : ==> Parameters: b646b7fc-5cb5-4edd-bdbc-0ec125cacfbb(String)
2020-07-29 12:09:47.809 DEBUG 5528 --- [http-nio-8080-exec-4] c.x.c.mapper.UserMapper.selectByExample  : <==      Total: 1
2020-07-29 12:09:47.809 DEBUG 5528 --- [http-nio-8080-exec-2] c.x.c.mapper.UserMapper.selectByExample  : <==      Total: 1
2020-07-29 12:09:47.810 DEBUG 5528 --- [http-nio-8080-exec-4] c.x.c.m.N.countByExample                 : ==>  Preparing: select count(*) from NOTIFICATION WHERE ( RECEIVER = ? and STATUS = ? )
2020-07-29 12:09:47.810 DEBUG 5528 --- [http-nio-8080-exec-2] c.x.c.m.N.countByExample                 : ==>  Preparing: select count(*) from NOTIFICATION WHERE ( RECEIVER = ? and STATUS = ? )
2020-07-29 12:09:47.810 DEBUG 5528 --- [http-nio-8080-exec-4] c.x.c.m.N.countByExample                 : ==> Parameters: 1(Long), 0(Integer)
2020-07-29 12:09:47.810 DEBUG 5528 --- [http-nio-8080-exec-2] c.x.c.m.N.countByExample                 : ==> Parameters: 1(Long), 0(Integer)
2020-07-29 12:09:47.810 DEBUG 5528 --- [http-nio-8080-exec-2] c.x.c.m.N.countByExample                 : <==      Total: 1
2020-07-29 12:09:47.810 DEBUG 5528 --- [http-nio-8080-exec-4] c.x.c.m.N.countByExample                 : <==      Total: 1
2020-07-29 12:09:48.258 DEBUG 5528 --- [http-nio-8080-exec-9] c.x.c.mapper.UserMapper.selectByExample  : ==>  Preparing: select ID, ACCOUNT_ID, NAME, TOKEN, GMT_CREATE, GMT_MODIFIED, BIO, AVATAR_URL from USER WHERE ( TOKEN = ? )
2020-07-29 12:09:48.259 DEBUG 5528 --- [http-nio-8080-exec-9] c.x.c.mapper.UserMapper.selectByExample  : ==> Parameters: b646b7fc-5cb5-4edd-bdbc-0ec125cacfbb(String)
2020-07-29 12:09:48.259 DEBUG 5528 --- [http-nio-8080-exec-9] c.x.c.mapper.UserMapper.selectByExample  : <==      Total: 1
2020-07-29 12:09:48.259 DEBUG 5528 --- [http-nio-8080-exec-9] c.x.c.m.N.countByExample                 : ==>  Preparing: select count(*) from NOTIFICATION WHERE ( RECEIVER = ? and STATUS = ? )
2020-07-29 12:09:48.260 DEBUG 5528 --- [http-nio-8080-exec-9] c.x.c.m.N.countByExample                 : ==> Parameters: 1(Long), 0(Integer)
2020-07-29 12:09:48.260 DEBUG 5528 --- [http-nio-8080-exec-9] c.x.c.m.N.countByExample                 : <==      Total: 1
2020-07-29 12:09:48.262 DEBUG 5528 --- [http-nio-8080-exec-9] c.x.c.mapper.UserMapper.selectByExample  : ==>  Preparing: select ID, ACCOUNT_ID, NAME, TOKEN, GMT_CREATE, GMT_MODIFIED, BIO, AVATAR_URL from USER WHERE ( TOKEN = ? )
2020-07-29 12:09:48.262 DEBUG 5528 --- [http-nio-8080-exec-9] c.x.c.mapper.UserMapper.selectByExample  : ==> Parameters: b646b7fc-5cb5-4edd-bdbc-0ec125cacfbb(String)
2020-07-29 12:09:48.263 DEBUG 5528 --- [http-nio-8080-exec-9] c.x.c.mapper.UserMapper.selectByExample  : <==      Total: 1
2020-07-29 12:09:48.264 DEBUG 5528 --- [http-nio-8080-exec-9] c.x.c.m.N.countByExample                 : ==>  Preparing: select count(*) from NOTIFICATION WHERE ( RECEIVER = ? and STATUS = ? )
2020-07-29 12:09:48.264 DEBUG 5528 --- [http-nio-8080-exec-9] c.x.c.m.N.countByExample                 : ==> Parameters: 1(Long), 0(Integer)
2020-07-29 12:09:48.264 DEBUG 5528 --- [http-nio-8080-exec-9] c.x.c.m.N.countByExample                 : <==      Total: 1
2020-07-29 12:15:29.749 DEBUG 5528 --- [http-nio-8080-exec-3] c.x.c.mapper.UserMapper.selectByExample  : ==>  Preparing: select ID, ACCOUNT_ID, NAME, TOKEN, GMT_CREATE, GMT_MODIFIED, BIO, AVATAR_URL from USER WHERE ( TOKEN = ? )
2020-07-29 12:15:29.749 DEBUG 5528 --- [http-nio-8080-exec-3] c.x.c.mapper.UserMapper.selectByExample  : ==> Parameters: f7d6f550-eb9f-488a-8ad3-bc2a29e5fc0a(String)
2020-07-29 12:15:29.750 DEBUG 5528 --- [http-nio-8080-exec-3] c.x.c.mapper.UserMapper.selectByExample  : <==      Total: 0
2020-07-29 12:15:29.759 DEBUG 5528 --- [http-nio-8080-exec-8] c.x.c.m.QuestionExtMapper.countBySearch  : ==>  Preparing: select count(*) from QUESTION
2020-07-29 12:15:29.759 DEBUG 5528 --- [http-nio-8080-exec-8] c.x.c.m.QuestionExtMapper.countBySearch  : ==> Parameters: 
2020-07-29 12:15:29.759 DEBUG 5528 --- [http-nio-8080-exec-8] c.x.c.m.QuestionExtMapper.countBySearch  : <==      Total: 1
2020-07-29 12:15:29.759 DEBUG 5528 --- [http-nio-8080-exec-8] c.x.c.m.Q.selectBySearch                 : ==>  Preparing: select * from QUESTION order by gmt_create desc limit ?,?
2020-07-29 12:15:29.759 DEBUG 5528 --- [http-nio-8080-exec-8] c.x.c.m.Q.selectBySearch                 : ==> Parameters: 0(Integer), 2(Integer)
2020-07-29 12:15:29.760 DEBUG 5528 --- [http-nio-8080-exec-8] c.x.c.m.Q.selectBySearch                 : <==      Total: 2
2020-07-29 12:15:29.760 DEBUG 5528 --- [http-nio-8080-exec-8] c.x.c.m.UserMapper.selectByPrimaryKey    : ==>  Preparing: select ID, ACCOUNT_ID, NAME, TOKEN, GMT_CREATE, GMT_MODIFIED, BIO, AVATAR_URL from USER where ID = ?
2020-07-29 12:15:29.760 DEBUG 5528 --- [http-nio-8080-exec-8] c.x.c.m.UserMapper.selectByPrimaryKey    : ==> Parameters: 1(Long)
2020-07-29 12:15:29.760 DEBUG 5528 --- [http-nio-8080-exec-8] c.x.c.m.UserMapper.selectByPrimaryKey    : <==      Total: 1
2020-07-29 12:15:29.761 DEBUG 5528 --- [http-nio-8080-exec-8] c.x.c.m.UserMapper.selectByPrimaryKey    : ==>  Preparing: select ID, ACCOUNT_ID, NAME, TOKEN, GMT_CREATE, GMT_MODIFIED, BIO, AVATAR_URL from USER where ID = ?
2020-07-29 12:15:29.761 DEBUG 5528 --- [http-nio-8080-exec-8] c.x.c.m.UserMapper.selectByPrimaryKey    : ==> Parameters: 1(Long)
2020-07-29 12:15:29.761 DEBUG 5528 --- [http-nio-8080-exec-8] c.x.c.m.UserMapper.selectByPrimaryKey    : <==      Total: 1
2020-07-29 12:15:36.697 DEBUG 5528 --- [http-nio-8080-exec-10] c.x.c.m.Q.selectByPrimaryKey             : ==>  Preparing: select ID, TITLE, GMT_CREATE, GMT_MODIFIED, CREATOR, COMMENT_COUNT, VIEW_COUNT, LIKE_COUNT, TAG , DESCRIPTION from QUESTION where ID = ?
2020-07-29 12:15:36.697 DEBUG 5528 --- [http-nio-8080-exec-10] c.x.c.m.Q.selectByPrimaryKey             : ==> Parameters: 4(Long)
2020-07-29 12:15:36.698 DEBUG 5528 --- [http-nio-8080-exec-10] c.x.c.m.Q.selectByPrimaryKey             : <==      Total: 1
2020-07-29 12:15:36.698 DEBUG 5528 --- [http-nio-8080-exec-10] c.x.c.m.UserMapper.selectByPrimaryKey    : ==>  Preparing: select ID, ACCOUNT_ID, NAME, TOKEN, GMT_CREATE, GMT_MODIFIED, BIO, AVATAR_URL from USER where ID = ?
2020-07-29 12:15:36.698 DEBUG 5528 --- [http-nio-8080-exec-10] c.x.c.m.UserMapper.selectByPrimaryKey    : ==> Parameters: 1(Long)
2020-07-29 12:15:36.699 DEBUG 5528 --- [http-nio-8080-exec-10] c.x.c.m.UserMapper.selectByPrimaryKey    : <==      Total: 1
2020-07-29 12:15:36.702 DEBUG 5528 --- [http-nio-8080-exec-10] c.x.c.m.QuestionExtMapper.selectRelated  : ==>  Preparing: select * from QUESTION where id != ? and tag regexp ?
2020-07-29 12:15:36.703 DEBUG 5528 --- [http-nio-8080-exec-10] c.x.c.m.QuestionExtMapper.selectRelated  : ==> Parameters: 4(Long), spring(String)
2020-07-29 12:15:36.705 DEBUG 5528 --- [http-nio-8080-exec-10] c.x.c.m.QuestionExtMapper.selectRelated  : <==      Total: 2
2020-07-29 12:15:36.714 DEBUG 5528 --- [http-nio-8080-exec-10] c.x.c.m.CommentMapper.selectByExample    : ==>  Preparing: select ID, PARENT_ID, TYPE, COMMENTATOR, GMT_CREATE, GMT_MODIFIED, LIKE_COUNT, CONTENT, COMMENT_COUNT from COMMENT WHERE ( PARENT_ID = ? and TYPE = ? ) order by gmt_create desc
2020-07-29 12:15:36.715 DEBUG 5528 --- [http-nio-8080-exec-10] c.x.c.m.CommentMapper.selectByExample    : ==> Parameters: 4(Long), 1(Integer)
2020-07-29 12:15:36.715 DEBUG 5528 --- [http-nio-8080-exec-10] c.x.c.m.CommentMapper.selectByExample    : <==      Total: 0
2020-07-29 12:15:36.716 DEBUG 5528 --- [http-nio-8080-exec-10] c.x.c.mapper.QuestionExtMapper.incView   : ==>  Preparing: update QUESTION set VIEW_COUNT = VIEW_COUNT + ? where id = ?
2020-07-29 12:15:36.797 DEBUG 5528 --- [http-nio-8080-exec-10] c.x.c.mapper.QuestionExtMapper.incView   : ==> Parameters: 1(Integer), 4(Long)
2020-07-29 12:15:36.800 DEBUG 5528 --- [http-nio-8080-exec-10] c.x.c.mapper.QuestionExtMapper.incView   : <==    Updates: 1
